<?xml version="1.0" encoding="UTF-8"?>
<testng-results skipped="0" failed="0" total="1" passed="1">
  <reporter-output>
  </reporter-output>
  <suite name="Suite" duration-ms="35097" started-at="2019-12-31T13:16:00Z" finished-at="2019-12-31T13:16:35Z">
    <groups>
    </groups>
    <test name="Test" duration-ms="35097" started-at="2019-12-31T13:16:00Z" finished-at="2019-12-31T13:16:35Z">
      <class name="org.zoho.scripts.TestCreateTaskPage">
        <test-method status="PASS" signature="openApp(java.lang.String)[pri:0, instance:org.zoho.scripts.TestCreateTaskPage@5034c75a]" name="openApp" is-config="true" duration-ms="11058" started-at="2019-12-31T18:46:00Z" finished-at="2019-12-31T18:46:11Z">
          <params>
            <param index="0">
              <value>
                <![CDATA[chrome]]>
              </value>
            </param>
          </params>
          <reporter-output>
          </reporter-output>
        </test-method> <!-- openApp -->
        <test-method status="PASS" signature="openApp()[pri:0, instance:org.zoho.scripts.TestCreateTaskPage@5034c75a]" name="openApp" is-config="true" duration-ms="5538" started-at="2019-12-31T18:46:11Z" finished-at="2019-12-31T18:46:17Z">
          <reporter-output>
          </reporter-output>
        </test-method> <!-- openApp -->
        <test-method status="PASS" signature="newTask()[pri:0, instance:org.zoho.scripts.TestCreateTaskPage@5034c75a]" name="newTask" duration-ms="18257" started-at="2019-12-31T18:46:17Z" finished-at="2019-12-31T18:46:35Z">
          <reporter-output>
          </reporter-output>
        </test-method> <!-- newTask -->
        <test-method status="PASS" signature="closeApp(org.testng.ITestResult)[pri:0, instance:org.zoho.scripts.TestCreateTaskPage@5034c75a]" name="closeApp" is-config="true" duration-ms="204" started-at="2019-12-31T18:46:35Z" finished-at="2019-12-31T18:46:35Z">
          <params>
            <param index="0">
              <value>
                <![CDATA[[TestResult name=newTask status=SUCCESS method=TestCreateTaskPage.newTask()[pri:0, instance:org.zoho.scripts.TestCreateTaskPage@5034c75a] output={null}]]]>
              </value>
            </param>
          </params>
          <reporter-output>
          </reporter-output>
        </test-method> <!-- closeApp -->
      </class> <!-- org.zoho.scripts.TestCreateTaskPage -->
    </test> <!-- Test -->
  </suite> <!-- Suite -->
</testng-results>
